<?xml version="1.0" encoding="UTF-8"?>
<!-- Generated by org.testng.reporters.JUnitReportReporter -->
<testsuite hostname="WKSPUN05GTR0508" failures="0" tests="1" name="fristcryTest.NewTest" time="92.938" errors="0" timestamp="2025-05-23T17:26:16 IST" skipped="0">
  <testcase classname="fristcryTest.NewTest" name="testing" time="92.938"/>
</testsuite> <!-- fristcryTest.NewTest -->
