<?xml version="1.0" encoding="UTF-8"?>
<!-- Generated by org.testng.reporters.JUnitReportReporter -->
<testsuite hostname="LAPTOP-O2T3L75J" failures="0" tests="1" name="fristcryTest.NewTest" time="85.334" errors="0" timestamp="2025-05-23T22:15:19 IST" skipped="0">
  <testcase classname="fristcryTest.NewTest" name="testing" time="85.334"/>
</testsuite> <!-- fristcryTest.NewTest -->
