<?xml version="1.0" encoding="UTF-8"?>
<!-- Generated by org.testng.reporters.JUnitReportReporter -->
<testsuite hostname="WKSPUN05GTR0508" failures="0" tests="1" name="com.firstcry.runner.TestRunner" time="81.363" errors="0" timestamp="2025-05-24T17:45:49 IST" skipped="0">
  <testcase classname="com.firstcry.runner.TestRunner" name="runScenario" time="81.363"/>
</testsuite> <!-- com.firstcry.runner.TestRunner -->
